2020-04-27 18:53:27.660  INFO 32764 --- [main] lavalink.server.Launcher                 : 

[32m       .  [31m _                  _ _       _    [32m__ _ _
[32m      /\\ [31m| | __ ___   ____ _| (_)_ __ | | __[32m\ \ \ \
[32m     ( ( )[31m| |/ _` \ \ / / _` | | | '_ \| |/ /[32m \ \ \ \
[32m      \\/ [31m| | (_| |\ V / (_| | | | | | |   < [32m  ) ) ) )
[32m       '  [31m|_|\__,_| \_/ \__,_|_|_|_| |_|_|\_\[32m / / / /
[0m    =========================================[32m/_/_/_/[0m

	Version:        3.3.1
	Build:          997
	Build time:     25.03.2020 12:30:43 UTC
	Branch          master
	Commit:         29f68ba
	Commit time:    25.03.2020 12:28:48 UTC
	JVM:            14.0.1
	Lavaplayer      1.3.38

2020-04-27 18:53:27.725  INFO 32764 --- [main] lavalink.server.Launcher                 : Starting Launcher on AdamsPC with PID 32764 (C:\Users\pnkll\Desktop\Blathers\lavalink\Lavalink.jar started by pnkllr in C:\Users\pnkll\Desktop\Blathers\lavalink)
2020-04-27 18:53:27.726  INFO 32764 --- [main] lavalink.server.Launcher                 : No active profile set, falling back to default profiles: default
2020-04-27 18:53:27.794  WARN 32764 --- [background-preinit] o.s.h.c.j.Jackson2ObjectMapperBuilder    : For Jackson Kotlin classes support please add "com.fasterxml.jackson.module:jackson-module-kotlin" to the classpath
2020-04-27 18:53:28.569  WARN 32764 --- [main] io.undertow.websockets.jsr               : UT026010: Buffer pool was not set on WebSocketDeploymentInfo, the default pool will be used
2020-04-27 18:53:28.594  INFO 32764 --- [main] io.undertow.servlet                      : Initializing Spring embedded WebApplicationContext
2020-04-27 18:53:28.596  INFO 32764 --- [main] o.s.web.context.ContextLoader            : Root WebApplicationContext: initialization completed in 836 ms
2020-04-27 18:53:28.862  WARN 32764 --- [main] l.server.config.SentryConfiguration      : Turning off sentry
2020-04-27 18:53:28.869  INFO 32764 --- [main] l.s.c.AudioSendFactoryConfiguration      : OS: Windows 10, Arch: amd64
2020-04-27 18:53:28.869  INFO 32764 --- [main] l.s.c.AudioSendFactoryConfiguration      : JDA-NAS supported system detected. Enabled native audio sending.
2020-04-27 18:53:28.870  INFO 32764 --- [main] l.s.c.AudioSendFactoryConfiguration      : Setting buffer to 400ms
2020-04-27 18:53:28.871  INFO 32764 --- [main] l.s.c.AudioSendFactoryConfiguration      : Setting playlist load limit to 6
2020-04-27 18:53:29.090  INFO 32764 --- [main] c.s.d.l.tools.GarbageCollectionMonitor   : GC monitoring enabled, reporting results every 2 minutes.
2020-04-27 18:53:29.365  INFO 32764 --- [main] o.s.s.concurrent.ThreadPoolTaskExecutor  : Initializing ExecutorService 'applicationTaskExecutor'
2020-04-27 18:53:29.579  INFO 32764 --- [main] org.xnio                                 : XNIO version 3.3.8.Final
2020-04-27 18:53:29.586  INFO 32764 --- [main] org.xnio.nio                             : XNIO NIO Implementation Version 3.3.8.Final
2020-04-27 18:53:29.641  INFO 32764 --- [main] o.s.b.w.e.u.UndertowServletWebServer     : Undertow started on port(s) 2333 (http) with context path ''
2020-04-27 18:53:29.645  INFO 32764 --- [main] lavalink.server.Launcher                 : Started Launcher in 2.282 seconds (JVM running for 2.597)
2020-04-27 18:53:40.925  INFO 32764 --- [XNIO-1 task-1] io.undertow.servlet                      : Initializing Spring DispatcherServlet 'dispatcherServlet'
2020-04-27 18:53:40.926  INFO 32764 --- [XNIO-1 task-1] o.s.web.servlet.DispatcherServlet        : Initializing Servlet 'dispatcherServlet'
2020-04-27 18:53:40.933  INFO 32764 --- [XNIO-1 task-1] o.s.web.servlet.DispatcherServlet        : Completed initialization in 4 ms
2020-04-27 18:53:40.945  INFO 32764 --- [XNIO-1 task-1] l.server.io.HandshakeInterceptorImpl     : Incoming connection from /127.0.0.1:55038
2020-04-27 18:53:41.027  INFO 32764 --- [XNIO-1 task-1] lavalink.server.io.SocketServer          : Connection successfully established from /127.0.0.1:55038
2020-04-27 18:54:00.263  INFO 32764 --- [XNIO-1 I/O-10] lavalink.server.io.SocketServer          : {"sessionId":"3cdde57587a6b04bc7cfa4f24f3c7021","op":"voiceUpdate","guildId":"698107095794450483","event":{"token":"5c12b5282b087dbe","guild_id":"698107095794450483","endpoint":"sydney637.discord.media:80"}}
2020-04-27 18:54:00.313  INFO 32764 --- [parallel-2] com.jcabi.manifests.Manifests            : 73 attributes loaded from 84 stream(s) in 33ms, 73 saved, 1240 ignored: ["Ant-Version", "Archiver-Version", "Automatic-Module-Name", "Bnd-LastModified", "Build-Jdk", "Build-Jdk-Spec", "Build-Time", "Built-By", "Bundle-ActivationPolicy", "Bundle-Activator", "Bundle-Category", "Bundle-Description", "Bundle-DocURL", "Bundle-License", "Bundle-ManifestVersion", "Bundle-Name", "Bundle-NativeCode", "Bundle-RequiredExecutionEnvironment", "Bundle-SymbolicName", "Bundle-Vendor", "Bundle-Version", "Copyright", "Created-By", "Export-Package", "Extension-Name", "Git-Revision", "Implementation-Build", "Implementation-Build-Date", "Implementation-Title", "Implementation-URL", "Implementation-Vendor", "Implementation-Vendor-Id", "Implementation-Version", "Import-Package", "Include-Resource", "JCabi-Build", "JCabi-Date", "JCabi-Version", "Jar-Name", "Jar-Version", "Java-Vendor", "Java-Version", "Kotlin-Runtime-Component", "Kotlin-Version", "Log4jReleaseKey", "Log4jReleaseManager", "Log4jReleaseVersion", "Magma-Version", "Main-Class", "Manifest-Version", "Multi-Release", "Originally-Created-By", "Os-Arch", "Os-Name", "Os-Version", "Private-Package", "Provide-Capability", "Require-Bundle", "Require-Capability", "Scm-Connection", "Scm-Revision", "Scm-Url", "Specification-Title", "Specification-Vendor", "Specification-Version", "Spring-Boot-Classes", "Spring-Boot-Lib", "Spring-Boot-Version", "Start-Class", "Tool", "X-Compile-Source-JDK", "X-Compile-Target-JDK", "url"]
2020-04-27 18:54:11.023  INFO 32764 --- [XNIO-1 task-2] l.server.player.AudioLoaderRestHandler   : GET /loadtracks
2020-04-27 18:54:12.294  INFO 32764 --- [lava-daemon-pool-info-loader-2-thread-1] lavalink.server.player.AudioLoader       : Loaded playlist Animal Crossing: New Horizons Soundtrack
2020-04-27 18:54:12.318  INFO 32764 --- [XNIO-1 I/O-10] lavalink.server.io.SocketServer          : {"op":"play","guildId":"698107095794450483","track":"QAAAogIAQ0FuaW1hbCBDcm9zc2luZzogTmV3IEhvcml6b25zIFNvdW5kdHJhY2sgLSBJc2xhbmQgVG91ciAoRGF5IC0gUmFpbikABUNldmFuAAAAAAACA6AACzdNS1Roc2hGZnc4AAEAK2h0dHBzOi8vd3d3LnlvdXR1YmUuY29tL3dhdGNoP3Y9N01LVGhzaEZmdzgAB3lvdXR1YmUAAAAAAAAAAA==","volume":100}
2020-04-27 18:54:15.402 ERROR 32764 --- [XNIO-2 I/O-1] s.n.m.impl.connections.AudioWebSocket    : Exception in websocket connection, closing. Channel state is Websocket Channel is null

java.lang.IllegalStateException: Failed to connect to wss://sydney637.discord.media/?v=4
	at space.npstr.magma.impl.connections.hax.ClosingUndertowWebSocketClient$1.handleFailed(ClosingUndertowWebSocketClient.java:79) ~[impl-0.12.5.jar!/:na]
	at org.xnio.IoFuture$HandlingNotifier.notify(IoFuture.java:215) ~[xnio-api-3.3.8.Final.jar!/:3.3.8.Final]
	at org.xnio.AbstractIoFuture$1.run(AbstractIoFuture.java:211) ~[xnio-api-3.3.8.Final.jar!/:3.3.8.Final]
	at org.xnio.IoUtils$2.execute(IoUtils.java:70) ~[xnio-api-3.3.8.Final.jar!/:3.3.8.Final]
	at org.xnio.AbstractIoFuture.runNotifier(AbstractIoFuture.java:354) ~[xnio-api-3.3.8.Final.jar!/:3.3.8.Final]
	at org.xnio.AbstractIoFuture.runAllNotifiers(AbstractIoFuture.java:233) ~[xnio-api-3.3.8.Final.jar!/:3.3.8.Final]
	at org.xnio.AbstractIoFuture.setException(AbstractIoFuture.java:251) ~[xnio-api-3.3.8.Final.jar!/:3.3.8.Final]
	at org.xnio.FutureResult.setException(FutureResult.java:89) ~[xnio-api-3.3.8.Final.jar!/:3.3.8.Final]
	at io.undertow.websockets.client.WebSocketClient$ConnectionBuilder$2.notify(WebSocketClient.java:342) ~[undertow-core-2.0.26.Final.jar!/:2.0.26.Final]
	at org.xnio.AbstractIoFuture$1.run(AbstractIoFuture.java:211) ~[xnio-api-3.3.8.Final.jar!/:3.3.8.Final]
	at org.xnio.IoUtils$2.execute(IoUtils.java:70) ~[xnio-api-3.3.8.Final.jar!/:3.3.8.Final]
	at org.xnio.AbstractIoFuture.runNotifier(AbstractIoFuture.java:354) ~[xnio-api-3.3.8.Final.jar!/:3.3.8.Final]
	at org.xnio.AbstractIoFuture.runAllNotifiers(AbstractIoFuture.java:233) ~[xnio-api-3.3.8.Final.jar!/:3.3.8.Final]
	at org.xnio.AbstractIoFuture.setException(AbstractIoFuture.java:251) ~[xnio-api-3.3.8.Final.jar!/:3.3.8.Final]
	at org.xnio.FutureResult.setException(FutureResult.java:89) ~[xnio-api-3.3.8.Final.jar!/:3.3.8.Final]
	at org.xnio.http.HttpUpgrade$HttpUpgradeState$UpgradeResultListener.handleEvent(HttpUpgrade.java:425) ~[xnio-api-3.3.8.Final.jar!/:3.3.8.Final]
	at org.xnio.http.HttpUpgrade$HttpUpgradeState.flushUpgradeChannel(HttpUpgrade.java:369) ~[xnio-api-3.3.8.Final.jar!/:3.3.8.Final]
	at org.xnio.http.HttpUpgrade$HttpUpgradeState.access$900(HttpUpgrade.java:165) ~[xnio-api-3.3.8.Final.jar!/:3.3.8.Final]
	at org.xnio.http.HttpUpgrade$HttpUpgradeState$StringWriteListener.handleEvent(HttpUpgrade.java:396) ~[xnio-api-3.3.8.Final.jar!/:3.3.8.Final]
	at org.xnio.http.HttpUpgrade$HttpUpgradeState$StringWriteListener.handleEvent(HttpUpgrade.java:372) ~[xnio-api-3.3.8.Final.jar!/:3.3.8.Final]
	at org.xnio.ChannelListeners.invokeChannelListener(ChannelListeners.java:92) ~[xnio-api-3.3.8.Final.jar!/:3.3.8.Final]
	at org.xnio.conduits.WriteReadyHandler$ChannelListenerHandler.writeReady(WriteReadyHandler.java:65) ~[xnio-api-3.3.8.Final.jar!/:3.3.8.Final]
	at io.undertow.protocols.ssl.SslConduit$SslWriteReadyHandler.writeReady(SslConduit.java:1273) ~[undertow-core-2.0.26.Final.jar!/:2.0.26.Final]
	at io.undertow.protocols.ssl.SslConduit$4.run(SslConduit.java:430) ~[undertow-core-2.0.26.Final.jar!/:2.0.26.Final]
	at org.xnio.nio.WorkerThread.safeRun(WorkerThread.java:582) ~[xnio-nio-3.3.8.Final.jar!/:3.3.8.Final]
	at org.xnio.nio.WorkerThread.run(WorkerThread.java:466) ~[xnio-nio-3.3.8.Final.jar!/:3.3.8.Final]
Caused by: java.io.EOFException: XNIO000812: Connection closed unexpectedly
	at org.xnio.http.HttpUpgrade$HttpUpgradeState$UpgradeResultListener.handleEvent(HttpUpgrade.java:416) ~[xnio-api-3.3.8.Final.jar!/:3.3.8.Final]
	... 10 common frames omitted

2020-04-27 18:54:37.950  INFO 32764 --- [Thread-1] o.s.s.concurrent.ThreadPoolTaskExecutor  : Shutting down ExecutorService 'applicationTaskExecutor'
2020-04-27 18:54:37.951  INFO 32764 --- [Thread-1] c.s.d.l.tools.GarbageCollectionMonitor   : GC monitoring disabled.
2020-04-27 18:54:37.955  WARN 32764 --- [lava-daemon-pool-playback-1-thread-1] c.s.d.l.t.p.LocalAudioTrackExecutor      : Suspicious exception for playback of 7MKThshFfw8

com.sedmelluq.discord.lavaplayer.tools.FriendlyException: The track was unexpectedly terminated.
	at com.sedmelluq.discord.lavaplayer.track.playback.LocalAudioTrackExecutor.handlePlaybackInterrupt(LocalAudioTrackExecutor.java:334) ~[lavaplayer-1.3.38.jar!/:na]
	at com.sedmelluq.discord.lavaplayer.track.playback.LocalAudioTrackExecutor.executeProcessingLoop(LocalAudioTrackExecutor.java:278) ~[lavaplayer-1.3.38.jar!/:na]
	at com.sedmelluq.discord.lavaplayer.track.playback.LocalAudioTrackExecutor.executeProcessingLoop(LocalAudioTrackExecutor.java:236) ~[lavaplayer-1.3.38.jar!/:na]
	at com.sedmelluq.discord.lavaplayer.container.matroska.MatroskaAudioTrack.process(MatroskaAudioTrack.java:39) ~[lavaplayer-1.3.38.jar!/:na]
	at com.sedmelluq.discord.lavaplayer.track.DelegatedAudioTrack.processDelegate(DelegatedAudioTrack.java:25) ~[lavaplayer-1.3.38.jar!/:na]
	at com.sedmelluq.discord.lavaplayer.source.youtube.YoutubeAudioTrack.processStatic(YoutubeAudioTrack.java:57) ~[lavaplayer-1.3.38.jar!/:na]
	at com.sedmelluq.discord.lavaplayer.source.youtube.YoutubeAudioTrack.process(YoutubeAudioTrack.java:49) ~[lavaplayer-1.3.38.jar!/:na]
	at com.sedmelluq.discord.lavaplayer.track.playback.LocalAudioTrackExecutor.execute(LocalAudioTrackExecutor.java:91) ~[lavaplayer-1.3.38.jar!/:na]
	at com.sedmelluq.discord.lavaplayer.player.DefaultAudioPlayerManager.lambda$executeTrack$1(DefaultAudioPlayerManager.java:349) ~[lavaplayer-1.3.38.jar!/:na]
	at java.base/java.util.concurrent.ThreadPoolExecutor.runWorker(ThreadPoolExecutor.java:1130) ~[na:na]
	at java.base/java.util.concurrent.ThreadPoolExecutor$Worker.run(ThreadPoolExecutor.java:630) ~[na:na]
	at java.base/java.lang.Thread.run(Thread.java:832) ~[na:na]
Caused by: java.lang.InterruptedException: null
	at java.base/java.util.concurrent.locks.AbstractQueuedSynchronizer$ConditionObject.await(AbstractQueuedSynchronizer.java:1627) ~[na:na]
	at java.base/java.util.concurrent.ArrayBlockingQueue.put(ArrayBlockingQueue.java:370) ~[na:na]
	at com.sedmelluq.discord.lavaplayer.track.playback.AllocatingAudioFrameBuffer.consume(AllocatingAudioFrameBuffer.java:179) ~[lavaplayer-1.3.38.jar!/:na]
	at com.sedmelluq.discord.lavaplayer.container.common.OpusPacketRouter.passThrough(OpusPacketRouter.java:169) ~[lavaplayer-1.3.38.jar!/:na]
	at com.sedmelluq.discord.lavaplayer.container.common.OpusPacketRouter.process(OpusPacketRouter.java:99) ~[lavaplayer-1.3.38.jar!/:na]
	at com.sedmelluq.discord.lavaplayer.container.matroska.MatroskaOpusTrackConsumer.consume(MatroskaOpusTrackConsumer.java:47) ~[lavaplayer-1.3.38.jar!/:na]
	at com.sedmelluq.discord.lavaplayer.container.matroska.MatroskaStreamingFile.processFrameInBlock(MatroskaStreamingFile.java:372) ~[lavaplayer-1.3.38.jar!/:na]
	at com.sedmelluq.discord.lavaplayer.container.matroska.MatroskaStreamingFile.parseClusterSimpleBlock(MatroskaStreamingFile.java:336) ~[lavaplayer-1.3.38.jar!/:na]
	at com.sedmelluq.discord.lavaplayer.container.matroska.MatroskaStreamingFile.parseNextCluster(MatroskaStreamingFile.java:321) ~[lavaplayer-1.3.38.jar!/:na]
	at com.sedmelluq.discord.lavaplayer.container.matroska.MatroskaStreamingFile.provideFrames(MatroskaStreamingFile.java:297) ~[lavaplayer-1.3.38.jar!/:na]
	at com.sedmelluq.discord.lavaplayer.container.matroska.MatroskaAudioTrack.lambda$process$0(MatroskaAudioTrack.java:40) ~[lavaplayer-1.3.38.jar!/:na]
	at com.sedmelluq.discord.lavaplayer.track.playback.LocalAudioTrackExecutor.executeProcessingLoop(LocalAudioTrackExecutor.java:262) ~[lavaplayer-1.3.38.jar!/:na]
	... 10 common frames omitted

2020-04-27 18:54:37.957  INFO 32764 --- [Thread-1] io.undertow.servlet                      : Destroying Spring FrameworkServlet 'dispatcherServlet'
2020-04-27 18:54:37.961 ERROR 32764 --- [XNIO-1 I/O-10] org.xnio.listener                        : XNIO001007: A channel event listener threw an exception

java.util.concurrent.RejectedExecutionException: XNIO007007: Thread is terminating
	at org.xnio.nio.WorkerThread.execute(WorkerThread.java:590) ~[xnio-nio-3.3.8.Final.jar!/:3.3.8.Final]
	at io.undertow.websockets.jsr.UndertowSession$3.handleEvent(UndertowSession.java:396) ~[undertow-websockets-jsr-2.0.26.Final.jar!/:2.0.26.Final]
	at io.undertow.websockets.jsr.UndertowSession$3.handleEvent(UndertowSession.java:388) ~[undertow-websockets-jsr-2.0.26.Final.jar!/:2.0.26.Final]
	at org.xnio.ChannelListeners.invokeChannelListener(ChannelListeners.java:92) ~[xnio-api-3.3.8.Final.jar!/:3.3.8.Final]
	at io.undertow.server.protocol.framed.AbstractFramedChannel$FrameCloseListener.handleEvent(AbstractFramedChannel.java:1063) ~[undertow-core-2.0.26.Final.jar!/:2.0.26.Final]
	at io.undertow.server.protocol.framed.AbstractFramedChannel$FrameCloseListener.handleEvent(AbstractFramedChannel.java:978) ~[undertow-core-2.0.26.Final.jar!/:2.0.26.Final]
	at org.xnio.ChannelListeners.invokeChannelListener(ChannelListeners.java:92) ~[xnio-api-3.3.8.Final.jar!/:3.3.8.Final]
	at org.xnio.conduits.WriteReadyHandler$ChannelListenerHandler.terminated(WriteReadyHandler.java:70) ~[xnio-api-3.3.8.Final.jar!/:3.3.8.Final]
	at org.xnio.nio.NioSocketConduit.writeTerminated(NioSocketConduit.java:234) ~[xnio-nio-3.3.8.Final.jar!/:3.3.8.Final]
	at org.xnio.nio.NioSocketConduit.terminateWrites(NioSocketConduit.java:223) ~[xnio-nio-3.3.8.Final.jar!/:3.3.8.Final]
	at org.xnio.nio.NioSocketConduit.truncateWrites(NioSocketConduit.java:228) ~[xnio-nio-3.3.8.Final.jar!/:3.3.8.Final]
	at io.undertow.conduits.IdleTimeoutConduit.truncateWrites(IdleTimeoutConduit.java:387) ~[undertow-core-2.0.26.Final.jar!/:2.0.26.Final]
	at org.xnio.conduits.ConduitStreamSinkChannel.close(ConduitStreamSinkChannel.java:186) ~[xnio-api-3.3.8.Final.jar!/:3.3.8.Final]
	at org.xnio.IoUtils.safeClose(IoUtils.java:134) ~[xnio-api-3.3.8.Final.jar!/:3.3.8.Final]
	at org.xnio.conduits.WriteReadyHandler$ChannelListenerHandler.forceTermination(WriteReadyHandler.java:57) ~[xnio-api-3.3.8.Final.jar!/:3.3.8.Final]
	at org.xnio.nio.NioSocketConduit.forceTermination(NioSocketConduit.java:107) ~[xnio-nio-3.3.8.Final.jar!/:3.3.8.Final]
	at org.xnio.nio.WorkerThread.run(WorkerThread.java:494) ~[xnio-nio-3.3.8.Final.jar!/:3.3.8.Final]

2020-04-27 18:55:16.994  INFO 29088 --- [main] lavalink.server.Launcher                 : 

[32m       .  [31m _                  _ _       _    [32m__ _ _
[32m      /\\ [31m| | __ ___   ____ _| (_)_ __ | | __[32m\ \ \ \
[32m     ( ( )[31m| |/ _` \ \ / / _` | | | '_ \| |/ /[32m \ \ \ \
[32m      \\/ [31m| | (_| |\ V / (_| | | | | | |   < [32m  ) ) ) )
[32m       '  [31m|_|\__,_| \_/ \__,_|_|_|_| |_|_|\_\[32m / / / /
[0m    =========================================[32m/_/_/_/[0m

	Version:        3.3.1
	Build:          997
	Build time:     25.03.2020 12:30:43 UTC
	Branch          master
	Commit:         29f68ba
	Commit time:    25.03.2020 12:28:48 UTC
	JVM:            14.0.1
	Lavaplayer      1.3.38

2020-04-27 18:55:17.060  INFO 29088 --- [main] lavalink.server.Launcher                 : Starting Launcher on AdamsPC with PID 29088 (C:\Users\pnkll\Desktop\Blathers\lavalink\Lavalink.jar started by pnkllr in C:\Users\pnkll\Desktop\Blathers\lavalink)
2020-04-27 18:55:17.060  INFO 29088 --- [main] lavalink.server.Launcher                 : No active profile set, falling back to default profiles: default
2020-04-27 18:55:17.118  WARN 29088 --- [background-preinit] o.s.h.c.j.Jackson2ObjectMapperBuilder    : For Jackson Kotlin classes support please add "com.fasterxml.jackson.module:jackson-module-kotlin" to the classpath
2020-04-27 18:55:17.866  WARN 29088 --- [main] io.undertow.websockets.jsr               : UT026010: Buffer pool was not set on WebSocketDeploymentInfo, the default pool will be used
2020-04-27 18:55:17.882  INFO 29088 --- [main] io.undertow.servlet                      : Initializing Spring embedded WebApplicationContext
2020-04-27 18:55:17.882  INFO 29088 --- [main] o.s.web.context.ContextLoader            : Root WebApplicationContext: initialization completed in 791 ms
2020-04-27 18:55:18.110  WARN 29088 --- [main] l.server.config.SentryConfiguration      : Turning off sentry
2020-04-27 18:55:18.115  INFO 29088 --- [main] l.s.c.AudioSendFactoryConfiguration      : OS: Windows 10, Arch: amd64
2020-04-27 18:55:18.116  INFO 29088 --- [main] l.s.c.AudioSendFactoryConfiguration      : JDA-NAS supported system detected. Enabled native audio sending.
2020-04-27 18:55:18.118  INFO 29088 --- [main] l.s.c.AudioSendFactoryConfiguration      : Setting buffer to 400ms
2020-04-27 18:55:18.118  INFO 29088 --- [main] l.s.c.AudioSendFactoryConfiguration      : Setting playlist load limit to 6
2020-04-27 18:55:18.314  INFO 29088 --- [main] c.s.d.l.tools.GarbageCollectionMonitor   : GC monitoring enabled, reporting results every 2 minutes.
2020-04-27 18:55:18.585  INFO 29088 --- [main] o.s.s.concurrent.ThreadPoolTaskExecutor  : Initializing ExecutorService 'applicationTaskExecutor'
2020-04-27 18:55:18.788  INFO 29088 --- [main] org.xnio                                 : XNIO version 3.3.8.Final
2020-04-27 18:55:18.795  INFO 29088 --- [main] org.xnio.nio                             : XNIO NIO Implementation Version 3.3.8.Final
2020-04-27 18:55:18.847  INFO 29088 --- [main] o.s.b.w.e.u.UndertowServletWebServer     : Undertow started on port(s) 2333 (http) with context path ''
2020-04-27 18:55:18.850  INFO 29088 --- [main] lavalink.server.Launcher                 : Started Launcher in 2.149 seconds (JVM running for 2.453)
2020-04-27 18:55:25.515  INFO 29088 --- [XNIO-1 task-1] io.undertow.servlet                      : Initializing Spring DispatcherServlet 'dispatcherServlet'
2020-04-27 18:55:25.515  INFO 29088 --- [XNIO-1 task-1] o.s.web.servlet.DispatcherServlet        : Initializing Servlet 'dispatcherServlet'
2020-04-27 18:55:25.522  INFO 29088 --- [XNIO-1 task-1] o.s.web.servlet.DispatcherServlet        : Completed initialization in 5 ms
2020-04-27 18:55:25.535  INFO 29088 --- [XNIO-1 task-1] l.server.io.HandshakeInterceptorImpl     : Incoming connection from /127.0.0.1:55100
2020-04-27 18:55:25.609  INFO 29088 --- [XNIO-1 task-1] lavalink.server.io.SocketServer          : Connection successfully established from /127.0.0.1:55100
2020-04-27 18:55:36.551  INFO 29088 --- [XNIO-1 I/O-8] lavalink.server.io.SocketServer          : {"sessionId":"5d383ce35263cfc53a6a7d846490a5fc","op":"voiceUpdate","guildId":"698107095794450483","event":{"token":"208c6fdbbfaef27d","guild_id":"698107095794450483","endpoint":"us-west16.discord.media:80"}}
2020-04-27 18:55:36.596  INFO 29088 --- [parallel-2] com.jcabi.manifests.Manifests            : 73 attributes loaded from 84 stream(s) in 31ms, 73 saved, 1240 ignored: ["Ant-Version", "Archiver-Version", "Automatic-Module-Name", "Bnd-LastModified", "Build-Jdk", "Build-Jdk-Spec", "Build-Time", "Built-By", "Bundle-ActivationPolicy", "Bundle-Activator", "Bundle-Category", "Bundle-Description", "Bundle-DocURL", "Bundle-License", "Bundle-ManifestVersion", "Bundle-Name", "Bundle-NativeCode", "Bundle-RequiredExecutionEnvironment", "Bundle-SymbolicName", "Bundle-Vendor", "Bundle-Version", "Copyright", "Created-By", "Export-Package", "Extension-Name", "Git-Revision", "Implementation-Build", "Implementation-Build-Date", "Implementation-Title", "Implementation-URL", "Implementation-Vendor", "Implementation-Vendor-Id", "Implementation-Version", "Import-Package", "Include-Resource", "JCabi-Build", "JCabi-Date", "JCabi-Version", "Jar-Name", "Jar-Version", "Java-Vendor", "Java-Version", "Kotlin-Runtime-Component", "Kotlin-Version", "Log4jReleaseKey", "Log4jReleaseManager", "Log4jReleaseVersion", "Magma-Version", "Main-Class", "Manifest-Version", "Multi-Release", "Originally-Created-By", "Os-Arch", "Os-Name", "Os-Version", "Private-Package", "Provide-Capability", "Require-Bundle", "Require-Capability", "Scm-Connection", "Scm-Revision", "Scm-Url", "Specification-Title", "Specification-Vendor", "Specification-Version", "Spring-Boot-Classes", "Spring-Boot-Lib", "Spring-Boot-Version", "Start-Class", "Tool", "X-Compile-Source-JDK", "X-Compile-Target-JDK", "url"]
2020-04-27 18:55:41.876  INFO 29088 --- [XNIO-1 task-2] l.server.player.AudioLoaderRestHandler   : GET /loadtracks
2020-04-27 18:55:43.206  INFO 29088 --- [lava-daemon-pool-info-loader-2-thread-1] lavalink.server.player.AudioLoader       : Loaded playlist Animal Crossing: New Horizons Soundtrack
2020-04-27 18:55:43.228  INFO 29088 --- [XNIO-1 I/O-8] lavalink.server.io.SocketServer          : {"op":"play","guildId":"698107095794450483","track":"QAAAogIAQ0FuaW1hbCBDcm9zc2luZzogTmV3IEhvcml6b25zIFNvdW5kdHJhY2sgLSBJc2xhbmQgVG91ciAoRGF5IC0gUmFpbikABUNldmFuAAAAAAACA6AACzdNS1Roc2hGZnc4AAEAK2h0dHBzOi8vd3d3LnlvdXR1YmUuY29tL3dhdGNoP3Y9N01LVGhzaEZmdzgAB3lvdXR1YmUAAAAAAAAAAA==","volume":100}
2020-04-27 18:55:51.692 ERROR 29088 --- [XNIO-2 I/O-1] s.n.m.impl.connections.AudioWebSocket    : Exception in websocket connection, closing. Channel state is Websocket Channel is null

java.lang.IllegalStateException: Failed to connect to wss://us-west16.discord.media/?v=4
	at space.npstr.magma.impl.connections.hax.ClosingUndertowWebSocketClient$1.handleFailed(ClosingUndertowWebSocketClient.java:79) ~[impl-0.12.5.jar!/:na]
	at org.xnio.IoFuture$HandlingNotifier.notify(IoFuture.java:215) ~[xnio-api-3.3.8.Final.jar!/:3.3.8.Final]
	at org.xnio.AbstractIoFuture$1.run(AbstractIoFuture.java:211) ~[xnio-api-3.3.8.Final.jar!/:3.3.8.Final]
	at org.xnio.IoUtils$2.execute(IoUtils.java:70) ~[xnio-api-3.3.8.Final.jar!/:3.3.8.Final]
	at org.xnio.AbstractIoFuture.runNotifier(AbstractIoFuture.java:354) ~[xnio-api-3.3.8.Final.jar!/:3.3.8.Final]
	at org.xnio.AbstractIoFuture.runAllNotifiers(AbstractIoFuture.java:233) ~[xnio-api-3.3.8.Final.jar!/:3.3.8.Final]
	at org.xnio.AbstractIoFuture.setException(AbstractIoFuture.java:251) ~[xnio-api-3.3.8.Final.jar!/:3.3.8.Final]
	at org.xnio.FutureResult.setException(FutureResult.java:89) ~[xnio-api-3.3.8.Final.jar!/:3.3.8.Final]
	at io.undertow.websockets.client.WebSocketClient$ConnectionBuilder$2.notify(WebSocketClient.java:342) ~[undertow-core-2.0.26.Final.jar!/:2.0.26.Final]
	at org.xnio.AbstractIoFuture$1.run(AbstractIoFuture.java:211) ~[xnio-api-3.3.8.Final.jar!/:3.3.8.Final]
	at org.xnio.IoUtils$2.execute(IoUtils.java:70) ~[xnio-api-3.3.8.Final.jar!/:3.3.8.Final]
	at org.xnio.AbstractIoFuture.runNotifier(AbstractIoFuture.java:354) ~[xnio-api-3.3.8.Final.jar!/:3.3.8.Final]
	at org.xnio.AbstractIoFuture.runAllNotifiers(AbstractIoFuture.java:233) ~[xnio-api-3.3.8.Final.jar!/:3.3.8.Final]
	at org.xnio.AbstractIoFuture.setException(AbstractIoFuture.java:251) ~[xnio-api-3.3.8.Final.jar!/:3.3.8.Final]
	at org.xnio.FutureResult.setException(FutureResult.java:89) ~[xnio-api-3.3.8.Final.jar!/:3.3.8.Final]
	at org.xnio.http.HttpUpgrade$HttpUpgradeState$UpgradeResultListener.handleEvent(HttpUpgrade.java:425) ~[xnio-api-3.3.8.Final.jar!/:3.3.8.Final]
	at org.xnio.http.HttpUpgrade$HttpUpgradeState.flushUpgradeChannel(HttpUpgrade.java:369) ~[xnio-api-3.3.8.Final.jar!/:3.3.8.Final]
	at org.xnio.http.HttpUpgrade$HttpUpgradeState.access$900(HttpUpgrade.java:165) ~[xnio-api-3.3.8.Final.jar!/:3.3.8.Final]
	at org.xnio.http.HttpUpgrade$HttpUpgradeState$StringWriteListener.handleEvent(HttpUpgrade.java:396) ~[xnio-api-3.3.8.Final.jar!/:3.3.8.Final]
	at org.xnio.http.HttpUpgrade$HttpUpgradeState$StringWriteListener.handleEvent(HttpUpgrade.java:372) ~[xnio-api-3.3.8.Final.jar!/:3.3.8.Final]
	at org.xnio.ChannelListeners.invokeChannelListener(ChannelListeners.java:92) ~[xnio-api-3.3.8.Final.jar!/:3.3.8.Final]
	at org.xnio.conduits.WriteReadyHandler$ChannelListenerHandler.writeReady(WriteReadyHandler.java:65) ~[xnio-api-3.3.8.Final.jar!/:3.3.8.Final]
	at io.undertow.protocols.ssl.SslConduit$SslWriteReadyHandler.writeReady(SslConduit.java:1273) ~[undertow-core-2.0.26.Final.jar!/:2.0.26.Final]
	at io.undertow.protocols.ssl.SslConduit$4.run(SslConduit.java:430) ~[undertow-core-2.0.26.Final.jar!/:2.0.26.Final]
	at org.xnio.nio.WorkerThread.safeRun(WorkerThread.java:582) ~[xnio-nio-3.3.8.Final.jar!/:3.3.8.Final]
	at org.xnio.nio.WorkerThread.run(WorkerThread.java:466) ~[xnio-nio-3.3.8.Final.jar!/:3.3.8.Final]
Caused by: java.io.EOFException: XNIO000812: Connection closed unexpectedly
	at org.xnio.http.HttpUpgrade$HttpUpgradeState$UpgradeResultListener.handleEvent(HttpUpgrade.java:416) ~[xnio-api-3.3.8.Final.jar!/:3.3.8.Final]
	... 10 common frames omitted

2020-04-27 18:56:48.319  INFO 29088 --- [XNIO-1 I/O-8] lavalink.server.io.SocketServer          : {"op":"play","guildId":"698107095794450483","track":"QAAAoQIAQkFuaW1hbCBDcm9zc2luZzogTmV3IEhvcml6b25zIFNvdW5kdHJhY2sgLSBXZWxjb21lIEhvcml6b25zIChMaXZlKQAFQ2V2YW4AAAAAAAGWQAALcVFxQUVNNFQ3MEUAAQAraHR0cHM6Ly93d3cueW91dHViZS5jb20vd2F0Y2g/dj1xUXFBRU00VDcwRQAHeW91dHViZQAAAAAAAAAA","volume":100}
2020-04-27 18:56:49.080  INFO 29088 --- [Thread-1] o.s.s.concurrent.ThreadPoolTaskExecutor  : Shutting down ExecutorService 'applicationTaskExecutor'
2020-04-27 18:56:49.082  INFO 29088 --- [Thread-1] c.s.d.l.tools.GarbageCollectionMonitor   : GC monitoring disabled.
2020-04-27 18:56:50.094  INFO 29088 --- [Thread-1] io.undertow.servlet                      : Destroying Spring FrameworkServlet 'dispatcherServlet'
2020-04-27 18:56:50.102 ERROR 29088 --- [XNIO-1 I/O-8] org.xnio.listener                        : XNIO001007: A channel event listener threw an exception

java.util.concurrent.RejectedExecutionException: XNIO007007: Thread is terminating
	at org.xnio.nio.WorkerThread.execute(WorkerThread.java:590) ~[xnio-nio-3.3.8.Final.jar!/:3.3.8.Final]
	at io.undertow.websockets.jsr.UndertowSession$3.handleEvent(UndertowSession.java:396) ~[undertow-websockets-jsr-2.0.26.Final.jar!/:2.0.26.Final]
	at io.undertow.websockets.jsr.UndertowSession$3.handleEvent(UndertowSession.java:388) ~[undertow-websockets-jsr-2.0.26.Final.jar!/:2.0.26.Final]
	at org.xnio.ChannelListeners.invokeChannelListener(ChannelListeners.java:92) ~[xnio-api-3.3.8.Final.jar!/:3.3.8.Final]
	at io.undertow.server.protocol.framed.AbstractFramedChannel$FrameCloseListener.handleEvent(AbstractFramedChannel.java:1063) ~[undertow-core-2.0.26.Final.jar!/:2.0.26.Final]
	at io.undertow.server.protocol.framed.AbstractFramedChannel$FrameCloseListener.handleEvent(AbstractFramedChannel.java:978) ~[undertow-core-2.0.26.Final.jar!/:2.0.26.Final]
	at org.xnio.ChannelListeners.invokeChannelListener(ChannelListeners.java:92) ~[xnio-api-3.3.8.Final.jar!/:3.3.8.Final]
	at org.xnio.conduits.WriteReadyHandler$ChannelListenerHandler.terminated(WriteReadyHandler.java:70) ~[xnio-api-3.3.8.Final.jar!/:3.3.8.Final]
	at org.xnio.nio.NioSocketConduit.writeTerminated(NioSocketConduit.java:234) ~[xnio-nio-3.3.8.Final.jar!/:3.3.8.Final]
	at org.xnio.nio.NioSocketConduit.terminateWrites(NioSocketConduit.java:223) ~[xnio-nio-3.3.8.Final.jar!/:3.3.8.Final]
	at org.xnio.nio.NioSocketConduit.truncateWrites(NioSocketConduit.java:228) ~[xnio-nio-3.3.8.Final.jar!/:3.3.8.Final]
	at io.undertow.conduits.IdleTimeoutConduit.truncateWrites(IdleTimeoutConduit.java:387) ~[undertow-core-2.0.26.Final.jar!/:2.0.26.Final]
	at org.xnio.conduits.ConduitStreamSinkChannel.close(ConduitStreamSinkChannel.java:186) ~[xnio-api-3.3.8.Final.jar!/:3.3.8.Final]
	at org.xnio.IoUtils.safeClose(IoUtils.java:134) ~[xnio-api-3.3.8.Final.jar!/:3.3.8.Final]
	at org.xnio.conduits.WriteReadyHandler$ChannelListenerHandler.forceTermination(WriteReadyHandler.java:57) ~[xnio-api-3.3.8.Final.jar!/:3.3.8.Final]
	at org.xnio.nio.NioSocketConduit.forceTermination(NioSocketConduit.java:107) ~[xnio-nio-3.3.8.Final.jar!/:3.3.8.Final]
	at org.xnio.nio.WorkerThread.run(WorkerThread.java:494) ~[xnio-nio-3.3.8.Final.jar!/:3.3.8.Final]

